<?xml version="1.0" encoding="UTF-8"?>
<!-- Generated by org.testng.reporters.JUnitReportReporter -->
<testsuite hostname="LIN-5CG1386B1D" failures="0" tests="4" name="streams.test1" time="0.028" errors="0" timestamp="2025-07-09T11:49:26 IST" skipped="0">
  <testcase classname="streams.test1" name="streamFilter" time="0.005"/>
  <testcase classname="streams.test1" name="streamMap" time="0.008"/>
  <testcase classname="streams.test1" name="regular" time="0.012"/>
  <testcase classname="streams.test1" name="streamCollect" time="0.003"/>
</testsuite> <!-- streams.test1 -->
