<?xml version="1.0" encoding="UTF-8"?>
<testng-results ignored="0" total="1" passed="1" failed="0" skipped="0">
  <reporter-output>
  </reporter-output>
  <suite started-at="2025-07-11T10:52:36 IST" name="Default suite" finished-at="2025-07-11T10:52:36 IST" duration-ms="62">
    <groups>
    </groups>
    <test started-at="2025-07-11T10:52:36 IST" name="Default test" finished-at="2025-07-11T10:52:36 IST" duration-ms="62">
      <class name="javatopics.PS">
        <test-method is-config="true" signature="beforTest()[pri:0, instance:javatopics.PS@534a5a98]" started-at="2025-07-11T10:52:36 IST" name="beforTest" finished-at="2025-07-11T10:52:36 IST" duration-ms="7" status="PASS">
          <reporter-output>
          </reporter-output>
        </test-method> <!-- beforTest -->
        <test-method signature="psmethod()[pri:0, instance:javatopics.PS@534a5a98]" started-at="2025-07-11T10:52:36 IST" name="psmethod" finished-at="2025-07-11T10:52:36 IST" duration-ms="7" status="PASS">
          <reporter-output>
          </reporter-output>
        </test-method> <!-- psmethod -->
        <test-method is-config="true" signature="afterTest()[pri:0, instance:javatopics.PS@534a5a98]" started-at="2025-07-11T10:52:36 IST" name="afterTest" finished-at="2025-07-11T10:52:36 IST" duration-ms="1" status="PASS">
          <reporter-output>
          </reporter-output>
        </test-method> <!-- afterTest -->
      </class> <!-- javatopics.PS -->
    </test> <!-- Default test -->
  </suite> <!-- Default suite -->
</testng-results>
