<?xml version="1.0" encoding="UTF-8"?>
<!-- Generated by org.testng.reporters.JUnitXMLReporter -->
<testsuite ignored="3" hostname="LIN-5CG1386B1D" failures="0" tests="4" name="car loan" time="0.094" errors="0" timestamp="2025-07-10T15:44:55 IST">
  <testcase classname="test.day4" name="LoginAPICarLoan" time="0.006"/>
  <testcase classname="test.day4" name="LoginAPICarLoan" time="0.002"/>
  <testcase classname="test.day4" name="LoginAPICarLoan" time="0.002"/>
  <testcase classname="test.day4" name="WebLoginCarLoan" time="0.002"/>
  <testcase classname="test.day4" name="MobileSignoutCarLoan" time="0.0">
    <ignored/>
  </testcase> <!-- MobileSignoutCarLoan -->
  <testcase classname="test.day4" name="MobileSigninCarLoan" time="0.0">
    <ignored/>
  </testcase> <!-- MobileSigninCarLoan -->
  <testcase classname="test.day4" name="MobileLoginCarLoan" time="0.0">
    <ignored/>
  </testcase> <!-- MobileLoginCarLoan -->
</testsuite> <!-- car loan -->
