<?xml version="1.0" encoding="UTF-8"?>
<!-- Generated by org.testng.reporters.JUnitXMLReporter -->
<testsuite ignored="0" hostname="LIN-5CG1386B1D" failures="0" tests="7" name="EndtoEnd" time="0.09" errors="0" timestamp="2025-07-10T15:09:24 IST">
  <testcase classname="test.day4" name="LoginAPICarLoan" time="0.008"/>
  <testcase classname="test.day4" name="LoginAPICarLoan" time="0.001"/>
  <testcase classname="test.day4" name="LoginAPICarLoan" time="0.001"/>
  <testcase classname="test.day4" name="MobileLoginCarLoan" time="0.008"/>
  <testcase classname="test.day4" name="MobileSigninCarLoan" time="0.002"/>
  <testcase classname="test.day4" name="MobileSignoutCarLoan" time="0.002"/>
  <testcase classname="test.day4" name="WebLoginCarLoan" time="0.002"/>
</testsuite> <!-- EndtoEnd -->
