<?xml version="1.0" encoding="UTF-8"?>
<!-- Generated by org.testng.reporters.JUnitXMLReporter -->
<testsuite ignored="4" hostname="LIN-5CG1386B1D" failures="1" tests="1" name="home loan" time="0.065" errors="0" timestamp="2025-07-10T15:44:55 IST">
  <testcase classname="test.day3" name="LoginAPIHomeLoan" time="0.0">
    <failure type="org.testng.TestNGException" message="
Parameter &amp;apos;URL&amp;apos; is required by @Test on method LoginAPIHomeLoan but has not been marked @Optional or defined
in C:\Users\arpavan\eclipse-workspace\TestNGTutorial\testng.xml">
      <![CDATA[org.testng.TestNGException: 
Parameter 'URL' is required by @Test on method LoginAPIHomeLoan but has not been marked @Optional or defined
in C:\Users\arpavan\eclipse-workspace\TestNGTutorial\testng.xml
at java.base/java.util.ArrayList.forEach(ArrayList.java:1596)
at java.base/java.util.concurrent.FutureTask.run(FutureTask.java:317)
at java.base/java.util.concurrent.ThreadPoolExecutor.runWorker(ThreadPoolExecutor.java:1144)
at java.base/java.util.concurrent.ThreadPoolExecutor$Worker.run(ThreadPoolExecutor.java:642)
at java.base/java.lang.Thread.run(Thread.java:1583)
... Removed 16 stack frames]]>
    </failure>
  </testcase> <!-- LoginAPIHomeLoan -->
  <testcase classname="test.day3" name="MobileLoginHomeLoan" time="0.0">
    <ignored/>
  </testcase> <!-- MobileLoginHomeLoan -->
  <testcase classname="test.day3" name="SignInAPIHomeLoan" time="0.0">
    <ignored/>
  </testcase> <!-- SignInAPIHomeLoan -->
  <testcase classname="test.day3" name="TimeoutHomeLoan" time="0.0">
    <ignored/>
  </testcase> <!-- TimeoutHomeLoan -->
  <testcase classname="test.day3" name="WebLoginHomeLoan" time="0.0">
    <ignored/>
  </testcase> <!-- WebLoginHomeLoan -->
</testsuite> <!-- home loan -->
