<?xml version="1.0" encoding="UTF-8"?>
<!-- Generated by org.testng.reporters.JUnitXMLReporter -->
<testsuite ignored="1" hostname="LIN-5CG1386B1D" failures="0" tests="4" name="Regression" time="0.078" errors="0" timestamp="2025-07-10T15:08:51 IST">
  <testcase classname="test.day3" name="LoginAPIHomeLoan" time="0.016"/>
  <testcase classname="test.day3" name="TimeoutHomeLoan" time="0.006"/>
  <testcase classname="test.day3" name="WebLoginHomeLoan" time="0.003"/>
  <testcase classname="test.day3" name="MobileLoginHomeLoan" time="0.001"/>
  <testcase classname="test.day3" name="SignInAPIHomeLoan" time="0.0">
    <ignored/>
  </testcase> <!-- SignInAPIHomeLoan -->
</testsuite> <!-- Regression -->
