<?xml version="1.0" encoding="UTF-8"?>
<!-- Generated by org.testng.reporters.JUnitReportReporter -->
<testsuite hostname="LIN-5CG1386B1D" failures="0" tests="2" name="vinay.tests.ErrorValidationTest" time="25.079" errors="0" timestamp="2025-07-31T15:53:24 IST" skipped="0">
  <testcase classname="vinay.tests.ErrorValidationTest" name="AProductErrorValidation" time="6.447"/>
  <testcase classname="vinay.tests.ErrorValidationTest" name="LoginErrorValidation" time="18.632"/>
</testsuite> <!-- vinay.tests.ErrorValidationTest -->
