<?xml version="1.0" encoding="UTF-8"?>
<testng-results ignored="0" total="1" passed="1" failed="0" skipped="0">
  <reporter-output>
  </reporter-output>
  <suite started-at="2025-07-09T11:56:30 IST" name="Default suite" finished-at="2025-07-09T11:56:30 IST" duration-ms="56">
    <groups>
    </groups>
    <test started-at="2025-07-09T11:56:30 IST" name="Default test" finished-at="2025-07-09T11:56:30 IST" duration-ms="56">
      <class name="streams.Collect">
        <test-method signature="streamCollect()[pri:0, instance:streams.Collect@f0c8a99]" started-at="2025-07-09T11:56:30 IST" name="streamCollect" finished-at="2025-07-09T11:56:30 IST" duration-ms="11" status="PASS">
          <reporter-output>
          </reporter-output>
        </test-method> <!-- streamCollect -->
      </class> <!-- streams.Collect -->
    </test> <!-- Default test -->
  </suite> <!-- Default suite -->
</testng-results>
