<?xml version="1.0" encoding="UTF-8"?>
<!-- Generated by org.testng.reporters.JUnitReportReporter -->
<testsuite hostname="LIN-5CG1386B1D" failures="0" tests="3" name="excelDataProvider.dataProvide" time="0.020" errors="0" timestamp="2025-11-20T14:40:53 IST" skipped="0">
  <testcase classname="excelDataProvider.dataProvide" name="testCaseData" time="0.004"/>
  <testcase classname="excelDataProvider.dataProvide" name="testCaseData" time="0.013"/>
  <testcase classname="excelDataProvider.dataProvide" name="testCaseData" time="0.003"/>
</testsuite> <!-- excelDataProvider.dataProvide -->
