<?xml version="1.0" encoding="UTF-8"?>
<!-- Generated by org.testng.reporters.JUnitXMLReporter -->
<testsuite ignored="0" hostname="LIN-5CG1386B1D" failures="1" tests="2" name="Stand Alone Test" time="13.602" errors="0" timestamp="2025-07-17T15:15:19 IST">
  <testcase classname="vinay.tests.StandAloneTest" name="standAloneTest" time="7.849"/>
  <testcase classname="vinay.tests.StandAloneTest" name="standAloneTest" time="5.684">
    <failure type="java.lang.AssertionError" message="expected [true] but found [false]">
      <![CDATA[java.lang.AssertionError: expected [true] but found [false]
at vinay.tests.StandAloneTest.standAloneTest(StandAloneTest.java:60)
at java.base/java.util.ArrayList.forEach(ArrayList.java:1596)
at java.base/java.util.concurrent.FutureTask.run(FutureTask.java:317)
at java.base/java.util.concurrent.ThreadPoolExecutor.runWorker(ThreadPoolExecutor.java:1144)
at java.base/java.util.concurrent.ThreadPoolExecutor$Worker.run(ThreadPoolExecutor.java:642)
at java.base/java.lang.Thread.run(Thread.java:1583)
... Removed 19 stack frames]]>
    </failure>
  </testcase> <!-- standAloneTest -->
</testsuite> <!-- Stand Alone Test -->
