<?xml version="1.0" encoding="UTF-8"?>
<!-- Generated by org.testng.reporters.JUnitXMLReporter -->
<testsuite ignored="0" hostname="LIN-5CG1386B1D" failures="1" tests="4" name="Submit Order Test" time="43.144" errors="0" timestamp="2025-07-31T15:53:24 IST">
  <testcase classname="vinay.tests.SubmitOrderTest" name="submitOrder" time="3.804"/>
  <testcase classname="vinay.tests.SubmitOrderTest" name="submitOrder" time="2.908">
    <skipped/>
  </testcase> <!-- submitOrder -->
  <testcase classname="vinay.tests.SubmitOrderTest" name="submitOrder" time="2.265">
    <failure type="java.lang.AssertionError" message="expected [true] but found [false]">
      <![CDATA[java.lang.AssertionError: expected [true] but found [false]
at vinay.tests.SubmitOrderTest.submitOrder(SubmitOrderTest.java:35)
at java.base/java.util.ArrayList.forEach(ArrayList.java:1596)
at java.base/java.util.concurrent.FutureTask.run(FutureTask.java:317)
at java.base/java.util.concurrent.ThreadPoolExecutor.runWorker(ThreadPoolExecutor.java:1144)
at java.base/java.util.concurrent.ThreadPoolExecutor$Worker.run(ThreadPoolExecutor.java:642)
at java.base/java.lang.Thread.run(Thread.java:1583)
... Removed 19 stack frames]]>
    </failure>
  </testcase> <!-- submitOrder -->
  <testcase classname="vinay.tests.SubmitOrderTest" name="OrderHistoryTest" time="0.835"/>
</testsuite> <!-- Submit Order Test -->
