<?xml version="1.0" encoding="UTF-8"?>
<!-- Generated by org.testng.reporters.JUnitXMLReporter -->
<testsuite ignored="0" hostname="LIN-5CG1386B1D" failures="0" tests="3" name="Default test" time="1.364" errors="0" timestamp="2025-09-16T11:59:18 IST">
  <testcase classname="excelDataProvider.dataProvide" name="testCaseData" time="0.017"/>
  <testcase classname="excelDataProvider.dataProvide" name="testCaseData" time="0.003"/>
  <testcase classname="excelDataProvider.dataProvide" name="testCaseData" time="0.004"/>
</testsuite> <!-- Default test -->
