<?xml version="1.0" encoding="UTF-8"?>
<testng-results ignored="0" total="1" passed="1" failed="0" skipped="0">
  <reporter-output>
  </reporter-output>
  <suite started-at="2025-07-25T11:50:09 IST" name="Default suite" finished-at="2025-07-25T11:50:18 IST" duration-ms="9217">
    <groups>
    </groups>
    <test started-at="2025-07-25T11:50:09 IST" name="Default test" finished-at="2025-07-25T11:50:18 IST" duration-ms="9217">
      <class name="vinay.ExtentReports.ExtentReportDemo">
        <test-method is-config="true" signature="config()[pri:0, instance:vinay.ExtentReports.ExtentReportDemo@2767e23c]" started-at="2025-07-25T11:50:09 IST" name="config" finished-at="2025-07-25T11:50:10 IST" duration-ms="339" status="PASS">
          <reporter-output>
          </reporter-output>
        </test-method> <!-- config -->
        <test-method signature="initialDemo()[pri:0, instance:vinay.ExtentReports.ExtentReportDemo@2767e23c]" started-at="2025-07-25T11:50:10 IST" name="initialDemo" finished-at="2025-07-25T11:50:18 IST" duration-ms="8830" status="PASS">
          <reporter-output>
          </reporter-output>
        </test-method> <!-- initialDemo -->
      </class> <!-- vinay.ExtentReports.ExtentReportDemo -->
    </test> <!-- Default test -->
  </suite> <!-- Default suite -->
</testng-results>
