<?xml version="1.0" encoding="UTF-8"?>
<!-- Generated by org.testng.reporters.JUnitReportReporter -->
<testsuite hostname="LIN-5CG1386B1D" failures="0" tests="4" name="test.day4" time="0.012" errors="0" timestamp="2025-07-10T15:44:55 IST" skipped="0">
  <testcase classname="test.day4" name="LoginAPICarLoan" time="0.002"/>
  <testcase classname="test.day4" name="WebLoginCarLoan" time="0.002"/>
  <testcase classname="test.day4" name="LoginAPICarLoan" time="0.006"/>
  <testcase classname="test.day4" name="LoginAPICarLoan" time="0.002"/>
</testsuite> <!-- test.day4 -->
