<?xml version="1.0" encoding="UTF-8"?>
<!-- Generated by org.testng.reporters.JUnitXMLReporter -->
<testsuite ignored="0" hostname="LIN-5CG1386B1D" failures="0" tests="4" name="Personal Loan" time="0.083" errors="0" timestamp="2025-07-10T15:37:42 IST">
  <testcase classname="test.day1" name="Demo" time="0.009"/>
  <testcase classname="test.day1" name="SecondTest" time="0.004"/>
  <testcase classname="test.day2" name="SecondTest" time="0.001"/>
  <testcase classname="test.day2" name="ThirdTest" time="0.003"/>
</testsuite> <!-- Personal Loan -->
