<?xml version="1.0" encoding="UTF-8"?>
<!-- Generated by org.testng.reporters.JUnitReportReporter -->
<testsuite hostname="LIN-5CG1386B1D" failures="0" tests="2" name="Browsers.InvokeDynamicBrowserTest" time="18.675" errors="0" timestamp="2024-09-05T11:17:38 IST" skipped="0">
  <testcase classname="Browsers.InvokeDynamicBrowserTest" name="verifyScienceTechTest" time="6.238"/>
  <testcase classname="Browsers.InvokeDynamicBrowserTest" name="verifySeleniumTest" time="12.437"/>
</testsuite> <!-- Browsers.InvokeDynamicBrowserTest -->
